[debug] [2018-09-16T01:07:05.026Z] ----------------------------------------------------------------------
[debug] [2018-09-16T01:07:05.028Z] Command:       /usr/bin/node /usr/bin/firebase deploy --only functions
[debug] [2018-09-16T01:07:05.029Z] CLI Version:   4.2.1
[debug] [2018-09-16T01:07:05.029Z] Platform:      linux
[debug] [2018-09-16T01:07:05.029Z] Node Version:  v8.11.4
[debug] [2018-09-16T01:07:05.030Z] Time:          Sat Sep 15 2018 20:07:05 GMT-0500 (DST)
[debug] [2018-09-16T01:07:05.030Z] ----------------------------------------------------------------------
[debug] 
[debug] [2018-09-16T01:07:05.041Z] > command requires scopes: ["email","openid","https://www.googleapis.com/auth/cloudplatformprojects.readonly","https://www.googleapis.com/auth/firebase","https://www.googleapis.com/auth/cloud-platform"]
[debug] [2018-09-16T01:07:05.041Z] > authorizing via signed-in user
[debug] [2018-09-16T01:07:05.045Z] > refreshing access token with scopes: ["email","https://www.googleapis.com/auth/cloud-platform","https://www.googleapis.com/auth/cloudplatformprojects.readonly","https://www.googleapis.com/auth/firebase","openid"]
[debug] [2018-09-16T01:07:05.046Z] >>> HTTP REQUEST POST https://www.googleapis.com/oauth2/v3/token  

[debug] [2018-09-16T01:07:06.309Z] <<< HTTP RESPONSE 200
[debug] [2018-09-16T01:07:06.320Z] >>> HTTP REQUEST GET https://admin.firebase.com/v1/projects/the-pryce-is-ryght  
 
[debug] [2018-09-16T01:07:07.692Z] <<< HTTP RESPONSE 200
[info] 
[info] === Deploying to 'the-pryce-is-ryght'...
[info] 
[info] i  deploying functions
[debug] [2018-09-16T01:07:11.814Z] > [functions] package.json contents: {
  "name": "functions",
  "description": "Cloud Functions for Firebase",
  "scripts": {
    "serve": "firebase serve --only functions",
    "shell": "firebase functions:shell",
    "start": "npm run shell",
    "deploy": "firebase deploy --only functions",
    "logs": "firebase functions:log"
  },
  "dependencies": {
    "firebase-admin": "~6.0.0",
    "firebase-functions": "^2.0.3",
    "node-fetch": "^2.2.0"
  },
  "private": true,
  "engines": {
    "node": "8"
  }
}
[info] i  functions: ensuring necessary APIs are enabled...
[debug] [2018-09-16T01:07:11.816Z] >>> HTTP REQUEST GET https://servicemanagement.googleapis.com/v1/services/cloudfunctions.googleapis.com/projectSettings/the-pryce-is-ryght?view=CONSUMER_VIEW  
 
[debug] [2018-09-16T01:07:11.816Z] >>> HTTP REQUEST GET https://servicemanagement.googleapis.com/v1/services/runtimeconfig.googleapis.com/projectSettings/the-pryce-is-ryght?view=CONSUMER_VIEW  
 
[debug] [2018-09-16T01:07:12.435Z] <<< HTTP RESPONSE 200
[debug] [2018-09-16T01:07:13.538Z] <<< HTTP RESPONSE 200
[info] ✔  functions: all necessary APIs are enabled
[debug] [2018-09-16T01:07:13.539Z] >>> HTTP REQUEST GET https://cloudresourcemanager.googleapis.com/v1/projects/the-pryce-is-ryght  
 
[debug] [2018-09-16T01:07:13.830Z] <<< HTTP RESPONSE 200
[debug] [2018-09-16T01:07:13.831Z] >>> HTTP REQUEST GET https://mobilesdk-pa.googleapis.com/v1/projects/1001711758905:getServerAppConfig  
 
[debug] [2018-09-16T01:07:15.108Z] <<< HTTP RESPONSE 200
[info] i  functions: preparing functions directory for uploading...
[debug] [2018-09-16T01:07:15.115Z] >>> HTTP REQUEST GET https://runtimeconfig.googleapis.com/v1beta1/projects/the-pryce-is-ryght/configs  
 
